<?xml version="1.0" encoding="UTF-8"?>
<testsuite name="pl.buki.BukiIntegrationTest" tests="1" skipped="0" failures="0" errors="0" timestamp="2019-10-24T17:56:42" hostname="Pawes-MacBook-Pro.local" time="0.045">
  <properties/>
  <testcase name="shouldDoSthInIntegrationWithInfrastructure()" classname="pl.buki.BukiIntegrationTest" time="0.045"/>
  <system-out><![CDATA[]]></system-out>
  <system-err><![CDATA[]]></system-err>
</testsuite>
